c:\users\luis fernando paxel\music\proyecto_fn\compiladoresproyecto\x64\release\vc142.pdb
c:\users\luis fernando paxel\music\proyecto_fn\compiladoresproyecto\x64\release\scanner.obj
c:\users\luis fernando paxel\music\proyecto_fn\compiladoresproyecto\x64\release\driver.obj
c:\users\luis fernando paxel\music\proyecto_fn\compiladoresproyecto\x64\release\compiladoresproyecto.obj
c:\users\luis fernando paxel\music\proyecto_fn\compiladoresproyecto\x64\release\parser.tab.obj
c:\users\luis fernando paxel\music\proyecto_fn\compiladoresproyecto\x64\release\tablasimbolos.obj
c:\users\luis fernando paxel\music\proyecto_fn\compiladoresproyecto\x64\release\compiladoresproyecto.ipdb
c:\users\luis fernando paxel\music\proyecto_fn\compiladoresproyecto\x64\release\compiladoresproyecto.iobj
c:\users\luis fernando paxel\music\proyecto_fn\compiladoresproyecto\x64\release\compiladoresproyecto.exe
c:\users\luis fernando paxel\music\proyecto_fn\compiladoresproyecto\x64\release\compiladoresproyecto.pdb
c:\users\luis fernando paxel\music\proyecto_fn\compiladoresproyecto\x64\release\generadorhtml.obj
c:\users\luis fernando paxel\music\proyecto_fn\compiladoresproyecto\x64\release\nativecodeanalysis.read.1.tlog
c:\users\luis fernando paxel\music\proyecto_fn\compiladoresproyecto\x64\release\driver.nativecodeanalysis.xml
c:\users\luis fernando paxel\music\proyecto_fn\compiladoresproyecto\x64\release\vc.nativecodeanalysis.all.xml
c:\users\luis fernando paxel\music\proyecto_fn\compiladoresproyecto\x64\release\compilad.537a157a.tlog\cl.command.1.tlog
c:\users\luis fernando paxel\music\proyecto_fn\compiladoresproyecto\x64\release\compilad.537a157a.tlog\cl.read.1.tlog
c:\users\luis fernando paxel\music\proyecto_fn\compiladoresproyecto\x64\release\compilad.537a157a.tlog\cl.write.1.tlog
c:\users\luis fernando paxel\music\proyecto_fn\compiladoresproyecto\x64\release\compilad.537a157a.tlog\compiladoresproyecto.write.1u.tlog
c:\users\luis fernando paxel\music\proyecto_fn\compiladoresproyecto\x64\release\compilad.537a157a.tlog\link.command.1.tlog
c:\users\luis fernando paxel\music\proyecto_fn\compiladoresproyecto\x64\release\compilad.537a157a.tlog\link.read.1.tlog
c:\users\luis fernando paxel\music\proyecto_fn\compiladoresproyecto\x64\release\compilad.537a157a.tlog\link.write.1.tlog
